

Started GET "/flatiron-school/memes/1" for ::1 at 2016-05-18 21:37:10 -0400
  [1m[36mActiveRecord::SchemaMigration Load (14.2ms)[0m  [1mSELECT "schema_migrations".* FROM "schema_migrations"[0m
Processing by MemesController#show as HTML
  Parameters: {"group_slug"=>"flatiron-school", "id"=>"1"}
  [1m[35mGroup Load (8.5ms)[0m  SELECT  "groups".* FROM "groups" WHERE "groups"."group_slug" = $1 LIMIT 1  [["group_slug", "flatiron-school"]]
  [1m[36mMeme Load (2.3ms)[0m  [1mSELECT  "memes".* FROM "memes" WHERE "memes"."group_id" = $1 AND "memes"."id" = $2 LIMIT 1[0m  [["group_id", 1], ["id", 1]]
  [1m[35mUser Load (5.4ms)[0m  SELECT  "users".* FROM "users" WHERE "users"."id" = $1 LIMIT 1  [["id", 3]]
  [1m[36mTag Load (2.9ms)[0m  [1mSELECT "tags".* FROM "tags" INNER JOIN "meme_tags" ON "tags"."id" = "meme_tags"."tag_id" WHERE "meme_tags"."meme_id" = $1[0m  [["meme_id", 1]]
  [1m[35mComment Load (2.6ms)[0m  SELECT "comments".* FROM "comments" WHERE "comments"."meme_id" = $1  [["meme_id", 1]]
  Rendered memes/show.html.erb within layouts/application (1021.2ms)
  [1m[36mCACHE (0.1ms)[0m  [1mSELECT  "groups".* FROM "groups" WHERE "groups"."group_slug" = $1 LIMIT 1[0m  [["group_slug", "flatiron-school"]]
  Rendered layouts/_public_nav.html.erb (0.9ms)
Completed 200 OK in 1837ms (Views: 1649.4ms | ActiveRecord: 70.0ms)


Started GET "/assets/comments.self-e3b0c44298fc1c149afbf4c8996fb92427ae41e4649b934ca495991b7852b855.css?body=1" for ::1 at 2016-05-18 21:37:13 -0400


Started GET "/assets/invites.self-e3b0c44298fc1c149afbf4c8996fb92427ae41e4649b934ca495991b7852b855.css?body=1" for ::1 at 2016-05-18 21:37:13 -0400


Started GET "/assets/users.self-e3b0c44298fc1c149afbf4c8996fb92427ae41e4649b934ca495991b7852b855.css?body=1" for ::1 at 2016-05-18 21:37:13 -0400


Started GET "/assets/groups.self-e3b0c44298fc1c149afbf4c8996fb92427ae41e4649b934ca495991b7852b855.css?body=1" for ::1 at 2016-05-18 21:37:13 -0400


Started GET "/assets/memberships.self-e3b0c44298fc1c149afbf4c8996fb92427ae41e4649b934ca495991b7852b855.css?body=1" for ::1 at 2016-05-18 21:37:13 -0400


Started GET "/assets/meme_tags.self-e3b0c44298fc1c149afbf4c8996fb92427ae41e4649b934ca495991b7852b855.css?body=1" for ::1 at 2016-05-18 21:37:13 -0400


Started GET "/assets/reactions.self-e3b0c44298fc1c149afbf4c8996fb92427ae41e4649b934ca495991b7852b855.css?body=1" for ::1 at 2016-05-18 21:37:13 -0400


Started GET "/assets/application.self-c4b01cc6126a0911fdce4d2906512c63f3b4023a0819d5a22e06657b4ee187a5.css?body=1" for ::1 at 2016-05-18 21:37:13 -0400


Started GET "/assets/tags.self-e3b0c44298fc1c149afbf4c8996fb92427ae41e4649b934ca495991b7852b855.css?body=1" for ::1 at 2016-05-18 21:37:13 -0400


Started GET "/assets/memes.self-0c79d5d68de531b9d9b39e20891d36a075748e76df1c42aea66d7a4b8aad2d78.css?body=1" for ::1 at 2016-05-18 21:37:13 -0400


Started GET "/assets/jquery.self-660adc51e0224b731d29f575a6f1ec167ba08ad06ed5deca4f1e8654c135bf4c.js?body=1" for ::1 at 2016-05-18 21:37:13 -0400


Started GET "/assets/jquery_ujs.self-e87806d0cf4489aeb1bb7288016024e8de67fd18db693fe026fe3907581e53cd.js?body=1" for ::1 at 2016-05-18 21:37:13 -0400


Started GET "/assets/turbolinks.self-c37727e9bd6b2735da5c311aa83fead54ed0be6cc8bd9a65309e9c5abe2cbfff.js?body=1" for ::1 at 2016-05-18 21:37:13 -0400


Started GET "/assets/memberships.self-877aef30ae1b040ab8a3aba4e3e309a11d7f2612f44dde450b5c157aa5f95c05.js?body=1" for ::1 at 2016-05-18 21:37:13 -0400


Started GET "/assets/comments.self-877aef30ae1b040ab8a3aba4e3e309a11d7f2612f44dde450b5c157aa5f95c05.js?body=1" for ::1 at 2016-05-18 21:37:13 -0400


Started GET "/assets/groups.self-877aef30ae1b040ab8a3aba4e3e309a11d7f2612f44dde450b5c157aa5f95c05.js?body=1" for ::1 at 2016-05-18 21:37:13 -0400


Started GET "/assets/invites.self-877aef30ae1b040ab8a3aba4e3e309a11d7f2612f44dde450b5c157aa5f95c05.js?body=1" for ::1 at 2016-05-18 21:37:13 -0400


Started GET "/assets/meme_tags.self-877aef30ae1b040ab8a3aba4e3e309a11d7f2612f44dde450b5c157aa5f95c05.js?body=1" for ::1 at 2016-05-18 21:37:13 -0400


Started GET "/assets/memes.self-877aef30ae1b040ab8a3aba4e3e309a11d7f2612f44dde450b5c157aa5f95c05.js?body=1" for ::1 at 2016-05-18 21:37:13 -0400


Started GET "/assets/bootstrap/alert.self-d8b7bd612b3dcfdefb7b5539b9d5848d66ccbd3e7af8bb8d48bfb3288aaa7be8.js?body=1" for ::1 at 2016-05-18 21:37:13 -0400


Started GET "/assets/users.self-877aef30ae1b040ab8a3aba4e3e309a11d7f2612f44dde450b5c157aa5f95c05.js?body=1" for ::1 at 2016-05-18 21:37:13 -0400


Started GET "/assets/tags.self-877aef30ae1b040ab8a3aba4e3e309a11d7f2612f44dde450b5c157aa5f95c05.js?body=1" for ::1 at 2016-05-18 21:37:13 -0400


Started GET "/assets/bootstrap/affix.self-3555752f8a930795ee9e56751a52e6871104ae85d01b3ab8363da3802a5ecc78.js?body=1" for ::1 at 2016-05-18 21:37:13 -0400


Started GET "/assets/reactions.self-877aef30ae1b040ab8a3aba4e3e309a11d7f2612f44dde450b5c157aa5f95c05.js?body=1" for ::1 at 2016-05-18 21:37:13 -0400


Started GET "/assets/bootstrap/modal.self-62463080dba6b9d024ff0a3192da0e76eacbc683194f3395047c6f5cfa0acb59.js?body=1" for ::1 at 2016-05-18 21:37:13 -0400


Started GET "/assets/bootstrap/button.self-e74d33ba39500940a78d6fa4d2d64f6ca7fd86d60a2149641f7fde7ba711d8a1.js?body=1" for ::1 at 2016-05-18 21:37:14 -0400


Started GET "/assets/bootstrap/dropdown.self-e56c2ffee4618411d43ecf15c89273f6223847ad756e1cd17545d04afa732ed4.js?body=1" for ::1 at 2016-05-18 21:37:14 -0400


Started GET "/assets/bootstrap/carousel.self-35d204878d906298e55bc24553e11fd89b980fc4ffe5792fe36af8c0da289c54.js?body=1" for ::1 at 2016-05-18 21:37:14 -0400


Started GET "/assets/bootstrap/collapse.self-056c40532d9f0f126ec17e839f60c942f573fbd61a086e7f156306e3fc5e8c1f.js?body=1" for ::1 at 2016-05-18 21:37:14 -0400


Started GET "/assets/bootstrap/scrollspy.self-52afd90e8ba97d9f08617a13986e8869d6c4a45751c0bff59a6f91241e722aca.js?body=1" for ::1 at 2016-05-18 21:37:14 -0400


Started GET "/assets/bootstrap/popover.self-210cff1fb4b72b71a29b5122180cb5937c8145cd13a934dc838280f1d9607a3e.js?body=1" for ::1 at 2016-05-18 21:37:14 -0400


Started GET "/assets/bootstrap/transition.self-3b268d4cd8c79e46ded7392885f72f64ffb5b0d49948a12b8cf9779f6163e13a.js?body=1" for ::1 at 2016-05-18 21:37:14 -0400


Started GET "/assets/bootstrap/tooltip.self-facdc69246a072acb927ded77ff655f7c27a518b9357fddd45d119fbc8a0ab9f.js?body=1" for ::1 at 2016-05-18 21:37:14 -0400


Started GET "/assets/bootstrap-sprockets.self-fbfa5ad7d9aa0afe439ec4ff3883acc4cb92b62cb67c40d674320c9aa1d4642d.js?body=1" for ::1 at 2016-05-18 21:37:14 -0400


Started GET "/assets/bootstrap/tab.self-dad0d5c377f9fae26394484535ebb23ccf68afae084f896af6ea4cdf8c9f6ae0.js?body=1" for ::1 at 2016-05-18 21:37:14 -0400


Started GET "/assets/application.self-f8806224e027f3e3f0138ea9ce99319e298dfdb323304d1f1be6eae8e8c74724.js?body=1" for ::1 at 2016-05-18 21:37:14 -0400


Started GET "/assets/doge-9884cc96c8cf88f60e61058503f9fd9654223bdc1a092a8b1d2d1c12c09daea6.jpg" for ::1 at 2016-05-18 21:37:14 -0400


Started GET "/flatiron-school/memes" for ::1 at 2016-05-18 21:37:22 -0400
Processing by MemesController#index as HTML
  Parameters: {"group_slug"=>"flatiron-school"}
  [1m[35mGroup Load (5.0ms)[0m  SELECT  "groups".* FROM "groups" WHERE "groups"."group_slug" = $1 LIMIT 1  [["group_slug", "flatiron-school"]]
  [1m[36mMeme Load (0.9ms)[0m  [1mSELECT "memes".* FROM "memes" WHERE "memes"."group_id" = 1[0m
  [1m[35mGroup Load (0.7ms)[0m  SELECT  "groups".* FROM "groups" WHERE "groups"."id" = $1 LIMIT 1  [["id", 1]]
  [1m[36mCACHE (0.0ms)[0m  [1mSELECT  "groups".* FROM "groups" WHERE "groups"."id" = $1 LIMIT 1[0m  [["id", 1]]
  [1m[35mCACHE (0.0ms)[0m  SELECT  "groups".* FROM "groups" WHERE "groups"."id" = $1 LIMIT 1  [["id", 1]]
  [1m[36mCACHE (0.0ms)[0m  [1mSELECT  "groups".* FROM "groups" WHERE "groups"."id" = $1 LIMIT 1[0m  [["id", 1]]
  Rendered memes/index.html.erb within layouts/application (68.7ms)
  [1m[35mCACHE (0.0ms)[0m  SELECT  "groups".* FROM "groups" WHERE "groups"."group_slug" = $1 LIMIT 1  [["group_slug", "flatiron-school"]]
  Rendered layouts/_public_nav.html.erb (0.2ms)
Completed 200 OK in 761ms (Views: 701.2ms | ActiveRecord: 6.8ms)


Started GET "/flatiron-school/memes/1" for ::1 at 2016-05-18 21:37:52 -0400
Processing by MemesController#show as HTML
  Parameters: {"group_slug"=>"flatiron-school", "id"=>"1"}
  [1m[36mGroup Load (1.9ms)[0m  [1mSELECT  "groups".* FROM "groups" WHERE "groups"."group_slug" = $1 LIMIT 1[0m  [["group_slug", "flatiron-school"]]
  [1m[35mMeme Load (1.1ms)[0m  SELECT  "memes".* FROM "memes" WHERE "memes"."group_id" = $1 AND "memes"."id" = $2 LIMIT 1  [["group_id", 1], ["id", 1]]
  [1m[36mUser Load (5.5ms)[0m  [1mSELECT  "users".* FROM "users" WHERE "users"."id" = $1 LIMIT 1[0m  [["id", 3]]
  [1m[35mTag Load (5.1ms)[0m  SELECT "tags".* FROM "tags" INNER JOIN "meme_tags" ON "tags"."id" = "meme_tags"."tag_id" WHERE "meme_tags"."meme_id" = $1  [["meme_id", 1]]
  [1m[36mComment Load (0.7ms)[0m  [1mSELECT "comments".* FROM "comments" WHERE "comments"."meme_id" = $1[0m  [["meme_id", 1]]
  Rendered memes/show.html.erb within layouts/application (81.2ms)
  [1m[35mCACHE (0.0ms)[0m  SELECT  "groups".* FROM "groups" WHERE "groups"."group_slug" = $1 LIMIT 1  [["group_slug", "flatiron-school"]]
  Rendered layouts/_public_nav.html.erb (0.8ms)
Completed 200 OK in 492ms (Views: 412.4ms | ActiveRecord: 14.3ms)


Started GET "/flatiron-school/memes" for ::1 at 2016-05-18 21:37:58 -0400
Processing by MemesController#index as HTML
  Parameters: {"group_slug"=>"flatiron-school"}
  [1m[36mGroup Load (0.7ms)[0m  [1mSELECT  "groups".* FROM "groups" WHERE "groups"."group_slug" = $1 LIMIT 1[0m  [["group_slug", "flatiron-school"]]
  [1m[35mMeme Load (0.8ms)[0m  SELECT "memes".* FROM "memes" WHERE "memes"."group_id" = 1
  [1m[36mGroup Load (0.8ms)[0m  [1mSELECT  "groups".* FROM "groups" WHERE "groups"."id" = $1 LIMIT 1[0m  [["id", 1]]
  [1m[35mCACHE (0.0ms)[0m  SELECT  "groups".* FROM "groups" WHERE "groups"."id" = $1 LIMIT 1  [["id", 1]]
  [1m[36mCACHE (0.0ms)[0m  [1mSELECT  "groups".* FROM "groups" WHERE "groups"."id" = $1 LIMIT 1[0m  [["id", 1]]
  [1m[35mCACHE (0.0ms)[0m  SELECT  "groups".* FROM "groups" WHERE "groups"."id" = $1 LIMIT 1  [["id", 1]]
  Rendered memes/index.html.erb within layouts/application (24.9ms)
  [1m[36mCACHE (0.0ms)[0m  [1mSELECT  "groups".* FROM "groups" WHERE "groups"."group_slug" = $1 LIMIT 1[0m  [["group_slug", "flatiron-school"]]
  Rendered layouts/_public_nav.html.erb (0.1ms)
Completed 200 OK in 198ms (Views: 190.1ms | ActiveRecord: 2.4ms)


Started GET "/flatiron-school/memes/2" for ::1 at 2016-05-18 21:38:00 -0400
Processing by MemesController#show as HTML
  Parameters: {"group_slug"=>"flatiron-school", "id"=>"2"}
  [1m[35mGroup Load (1.3ms)[0m  SELECT  "groups".* FROM "groups" WHERE "groups"."group_slug" = $1 LIMIT 1  [["group_slug", "flatiron-school"]]
  [1m[36mMeme Load (0.7ms)[0m  [1mSELECT  "memes".* FROM "memes" WHERE "memes"."group_id" = $1 AND "memes"."id" = $2 LIMIT 1[0m  [["group_id", 1], ["id", 2]]
  [1m[35mUser Load (2.6ms)[0m  SELECT  "users".* FROM "users" WHERE "users"."id" = $1 LIMIT 1  [["id", 3]]
  [1m[36mTag Load (2.2ms)[0m  [1mSELECT "tags".* FROM "tags" INNER JOIN "meme_tags" ON "tags"."id" = "meme_tags"."tag_id" WHERE "meme_tags"."meme_id" = $1[0m  [["meme_id", 2]]
  [1m[35mComment Load (0.6ms)[0m  SELECT "comments".* FROM "comments" WHERE "comments"."meme_id" = $1  [["meme_id", 2]]
  Rendered memes/show.html.erb within layouts/application (15.9ms)
  [1m[36mCACHE (0.0ms)[0m  [1mSELECT  "groups".* FROM "groups" WHERE "groups"."group_slug" = $1 LIMIT 1[0m  [["group_slug", "flatiron-school"]]
  Rendered layouts/_public_nav.html.erb (0.1ms)
Completed 200 OK in 333ms (Views: 321.8ms | ActiveRecord: 7.3ms)


Started GET "/flatiron-school/memes" for ::1 at 2016-05-18 21:38:05 -0400
Processing by MemesController#index as HTML
  Parameters: {"group_slug"=>"flatiron-school"}
  [1m[35mGroup Load (0.8ms)[0m  SELECT  "groups".* FROM "groups" WHERE "groups"."group_slug" = $1 LIMIT 1  [["group_slug", "flatiron-school"]]
  [1m[36mMeme Load (0.5ms)[0m  [1mSELECT "memes".* FROM "memes" WHERE "memes"."group_id" = 1[0m
  [1m[35mGroup Load (0.8ms)[0m  SELECT  "groups".* FROM "groups" WHERE "groups"."id" = $1 LIMIT 1  [["id", 1]]
  [1m[36mCACHE (0.0ms)[0m  [1mSELECT  "groups".* FROM "groups" WHERE "groups"."id" = $1 LIMIT 1[0m  [["id", 1]]
  [1m[35mCACHE (0.0ms)[0m  SELECT  "groups".* FROM "groups" WHERE "groups"."id" = $1 LIMIT 1  [["id", 1]]
  [1m[36mCACHE (0.0ms)[0m  [1mSELECT  "groups".* FROM "groups" WHERE "groups"."id" = $1 LIMIT 1[0m  [["id", 1]]
  Rendered memes/index.html.erb within layouts/application (18.4ms)
  [1m[35mCACHE (0.1ms)[0m  SELECT  "groups".* FROM "groups" WHERE "groups"."group_slug" = $1 LIMIT 1  [["group_slug", "flatiron-school"]]
  Rendered layouts/_public_nav.html.erb (0.2ms)
Completed 200 OK in 189ms (Views: 182.6ms | ActiveRecord: 2.3ms)


Started GET "/flatiron-school/memes/3" for ::1 at 2016-05-18 21:38:07 -0400
Processing by MemesController#show as HTML
  Parameters: {"group_slug"=>"flatiron-school", "id"=>"3"}
  [1m[36mGroup Load (0.6ms)[0m  [1mSELECT  "groups".* FROM "groups" WHERE "groups"."group_slug" = $1 LIMIT 1[0m  [["group_slug", "flatiron-school"]]
  [1m[35mMeme Load (0.9ms)[0m  SELECT  "memes".* FROM "memes" WHERE "memes"."group_id" = $1 AND "memes"."id" = $2 LIMIT 1  [["group_id", 1], ["id", 3]]
  [1m[36mUser Load (0.5ms)[0m  [1mSELECT  "users".* FROM "users" WHERE "users"."id" = $1 LIMIT 1[0m  [["id", 2]]
  [1m[35mTag Load (1.7ms)[0m  SELECT "tags".* FROM "tags" INNER JOIN "meme_tags" ON "tags"."id" = "meme_tags"."tag_id" WHERE "meme_tags"."meme_id" = $1  [["meme_id", 3]]
  [1m[36mComment Load (0.8ms)[0m  [1mSELECT "comments".* FROM "comments" WHERE "comments"."meme_id" = $1[0m  [["meme_id", 3]]
  Rendered memes/show.html.erb within layouts/application (16.2ms)
  [1m[35mCACHE (0.0ms)[0m  SELECT  "groups".* FROM "groups" WHERE "groups"."group_slug" = $1 LIMIT 1  [["group_slug", "flatiron-school"]]
  Rendered layouts/_public_nav.html.erb (0.4ms)
Completed 200 OK in 236ms (Views: 224.1ms | ActiveRecord: 4.6ms)


Started GET "/flatiron-school/memes" for ::1 at 2016-05-18 21:38:12 -0400
Processing by MemesController#index as HTML
  Parameters: {"group_slug"=>"flatiron-school"}
  [1m[36mGroup Load (1.3ms)[0m  [1mSELECT  "groups".* FROM "groups" WHERE "groups"."group_slug" = $1 LIMIT 1[0m  [["group_slug", "flatiron-school"]]
  [1m[35mMeme Load (1.4ms)[0m  SELECT "memes".* FROM "memes" WHERE "memes"."group_id" = 1
  [1m[36mGroup Load (3.5ms)[0m  [1mSELECT  "groups".* FROM "groups" WHERE "groups"."id" = $1 LIMIT 1[0m  [["id", 1]]
  [1m[35mCACHE (0.0ms)[0m  SELECT  "groups".* FROM "groups" WHERE "groups"."id" = $1 LIMIT 1  [["id", 1]]
  [1m[36mCACHE (0.0ms)[0m  [1mSELECT  "groups".* FROM "groups" WHERE "groups"."id" = $1 LIMIT 1[0m  [["id", 1]]
  [1m[35mCACHE (0.0ms)[0m  SELECT  "groups".* FROM "groups" WHERE "groups"."id" = $1 LIMIT 1  [["id", 1]]
  Rendered memes/index.html.erb within layouts/application (59.5ms)
  [1m[36mCACHE (0.0ms)[0m  [1mSELECT  "groups".* FROM "groups" WHERE "groups"."group_slug" = $1 LIMIT 1[0m  [["group_slug", "flatiron-school"]]
  Rendered layouts/_public_nav.html.erb (0.3ms)
Completed 200 OK in 668ms (Views: 587.3ms | ActiveRecord: 6.3ms)


Started GET "/flatiron-school/memes/4" for ::1 at 2016-05-18 21:38:14 -0400
Processing by MemesController#show as HTML
  Parameters: {"group_slug"=>"flatiron-school", "id"=>"4"}
  [1m[35mGroup Load (0.3ms)[0m  SELECT  "groups".* FROM "groups" WHERE "groups"."group_slug" = $1 LIMIT 1  [["group_slug", "flatiron-school"]]
  [1m[36mMeme Load (7.6ms)[0m  [1mSELECT  "memes".* FROM "memes" WHERE "memes"."group_id" = $1 AND "memes"."id" = $2 LIMIT 1[0m  [["group_id", 1], ["id", 4]]
  [1m[35mUser Load (0.6ms)[0m  SELECT  "users".* FROM "users" WHERE "users"."id" = $1 LIMIT 1  [["id", 2]]
  [1m[36mTag Load (1.1ms)[0m  [1mSELECT "tags".* FROM "tags" INNER JOIN "meme_tags" ON "tags"."id" = "meme_tags"."tag_id" WHERE "meme_tags"."meme_id" = $1[0m  [["meme_id", 4]]
  [1m[35mComment Load (3.8ms)[0m  SELECT "comments".* FROM "comments" WHERE "comments"."meme_id" = $1  [["meme_id", 4]]
  Rendered memes/show.html.erb within layouts/application (22.2ms)
  [1m[36mCACHE (0.0ms)[0m  [1mSELECT  "groups".* FROM "groups" WHERE "groups"."group_slug" = $1 LIMIT 1[0m  [["group_slug", "flatiron-school"]]
  Rendered layouts/_public_nav.html.erb (0.2ms)
Completed 200 OK in 230ms (Views: 210.6ms | ActiveRecord: 13.4ms)


Started GET "/flatiron-school/memes" for ::1 at 2016-05-18 21:38:17 -0400
Processing by MemesController#index as HTML
  Parameters: {"group_slug"=>"flatiron-school"}
  [1m[35mGroup Load (1.4ms)[0m  SELECT  "groups".* FROM "groups" WHERE "groups"."group_slug" = $1 LIMIT 1  [["group_slug", "flatiron-school"]]
  [1m[36mMeme Load (2.5ms)[0m  [1mSELECT "memes".* FROM "memes" WHERE "memes"."group_id" = 1[0m
  [1m[35mGroup Load (49.9ms)[0m  SELECT  "groups".* FROM "groups" WHERE "groups"."id" = $1 LIMIT 1  [["id", 1]]
  [1m[36mCACHE (0.2ms)[0m  [1mSELECT  "groups".* FROM "groups" WHERE "groups"."id" = $1 LIMIT 1[0m  [["id", 1]]
  [1m[35mCACHE (0.0ms)[0m  SELECT  "groups".* FROM "groups" WHERE "groups"."id" = $1 LIMIT 1  [["id", 1]]
  [1m[36mCACHE (0.0ms)[0m  [1mSELECT  "groups".* FROM "groups" WHERE "groups"."id" = $1 LIMIT 1[0m  [["id", 1]]
  Rendered memes/index.html.erb within layouts/application (383.4ms)
  [1m[35mCACHE (0.0ms)[0m  SELECT  "groups".* FROM "groups" WHERE "groups"."group_slug" = $1 LIMIT 1  [["group_slug", "flatiron-school"]]
  Rendered layouts/_public_nav.html.erb (0.3ms)
Completed 200 OK in 1075ms (Views: 968.7ms | ActiveRecord: 54.0ms)


Started GET "/alumni/memes" for ::1 at 2016-05-18 21:38:26 -0400
Processing by MemesController#index as HTML
  Parameters: {"group_slug"=>"alumni"}
  [1m[36mGroup Load (1.2ms)[0m  [1mSELECT  "groups".* FROM "groups" WHERE "groups"."group_slug" = $1 LIMIT 1[0m  [["group_slug", "alumni"]]
  Rendered memes/index.html.erb within layouts/application (45.0ms)
Completed 500 Internal Server Error in 77ms (ActiveRecord: 1.1ms)

ActionView::Template::Error (undefined method `title' for nil:NilClass):
    1: <div class="container">
    2:   <div class="row">
    3:     <div class="col-md-12">
    4:       <h2>Trending at <%= @group.title %></h2>
    5:     </div>
    6:   </div>
    7: 
  app/views/memes/index.html.erb:4:in `_app_views_memes_index_html_erb__1869406913224780967_70359344956560'


  Rendered /Users/flatironschool/.rvm/gems/ruby-2.2.3/gems/actionpack-4.2.6/lib/action_dispatch/middleware/templates/rescues/_source.erb (29.1ms)
  Rendered /Users/flatironschool/.rvm/gems/ruby-2.2.3/gems/actionpack-4.2.6/lib/action_dispatch/middleware/templates/rescues/_trace.html.erb (7.9ms)
  Rendered /Users/flatironschool/.rvm/gems/ruby-2.2.3/gems/actionpack-4.2.6/lib/action_dispatch/middleware/templates/rescues/_request_and_response.html.erb (4.4ms)
  Rendered /Users/flatironschool/.rvm/gems/ruby-2.2.3/gems/actionpack-4.2.6/lib/action_dispatch/middleware/templates/rescues/template_error.html.erb within rescues/layout (132.8ms)
  Rendered /Users/flatironschool/.rvm/gems/ruby-2.2.3/gems/web-console-2.3.0/lib/web_console/templates/_markup.html.erb (0.8ms)
  Rendered /Users/flatironschool/.rvm/gems/ruby-2.2.3/gems/web-console-2.3.0/lib/web_console/templates/_inner_console_markup.html.erb within layouts/inlined_string (1.6ms)
  Rendered /Users/flatironschool/.rvm/gems/ruby-2.2.3/gems/web-console-2.3.0/lib/web_console/templates/_prompt_box_markup.html.erb within layouts/inlined_string (1.1ms)
  Rendered /Users/flatironschool/.rvm/gems/ruby-2.2.3/gems/web-console-2.3.0/lib/web_console/templates/style.css.erb within layouts/inlined_string (0.9ms)
  Rendered /Users/flatironschool/.rvm/gems/ruby-2.2.3/gems/web-console-2.3.0/lib/web_console/templates/console.js.erb within layouts/javascript (105.6ms)
  Rendered /Users/flatironschool/.rvm/gems/ruby-2.2.3/gems/web-console-2.3.0/lib/web_console/templates/main.js.erb within layouts/javascript (1.5ms)
  Rendered /Users/flatironschool/.rvm/gems/ruby-2.2.3/gems/web-console-2.3.0/lib/web_console/templates/error_page.js.erb within layouts/javascript (2.3ms)
  Rendered /Users/flatironschool/.rvm/gems/ruby-2.2.3/gems/web-console-2.3.0/lib/web_console/templates/index.html.erb (200.2ms)


Started GET "/flatiron-group/memes" for ::1 at 2016-05-18 23:45:04 -0400
Processing by MemesController#index as HTML
  Parameters: {"group_slug"=>"flatiron-group"}
  [1m[35mGroup Load (13.0ms)[0m  SELECT  "groups".* FROM "groups" WHERE "groups"."group_slug" = $1 LIMIT 1  [["group_slug", "flatiron-group"]]
  Rendered memes/index.html.erb within layouts/application (51.0ms)
Completed 500 Internal Server Error in 154ms (ActiveRecord: 13.0ms)

ActionView::Template::Error (undefined method `title' for nil:NilClass):
    1: <div class="container">
    2:   <div class="row">
    3:     <div class="col-md-12">
    4:       <h2>Trending at <%= @group.title %></h2>
    5:     </div>
    6:   </div>
    7: 
  app/views/memes/index.html.erb:4:in `_app_views_memes_index_html_erb__1869406913224780967_70359344956560'


  Rendered /Users/flatironschool/.rvm/gems/ruby-2.2.3/gems/actionpack-4.2.6/lib/action_dispatch/middleware/templates/rescues/_source.erb (74.4ms)
  Rendered /Users/flatironschool/.rvm/gems/ruby-2.2.3/gems/actionpack-4.2.6/lib/action_dispatch/middleware/templates/rescues/_trace.html.erb (13.4ms)
  Rendered /Users/flatironschool/.rvm/gems/ruby-2.2.3/gems/actionpack-4.2.6/lib/action_dispatch/middleware/templates/rescues/_request_and_response.html.erb (6.3ms)
  Rendered /Users/flatironschool/.rvm/gems/ruby-2.2.3/gems/actionpack-4.2.6/lib/action_dispatch/middleware/templates/rescues/template_error.html.erb within rescues/layout (229.6ms)
  Rendered /Users/flatironschool/.rvm/gems/ruby-2.2.3/gems/web-console-2.3.0/lib/web_console/templates/_markup.html.erb (0.7ms)
  Rendered /Users/flatironschool/.rvm/gems/ruby-2.2.3/gems/web-console-2.3.0/lib/web_console/templates/_inner_console_markup.html.erb within layouts/inlined_string (0.9ms)
  Rendered /Users/flatironschool/.rvm/gems/ruby-2.2.3/gems/web-console-2.3.0/lib/web_console/templates/_prompt_box_markup.html.erb within layouts/inlined_string (1.2ms)
  Rendered /Users/flatironschool/.rvm/gems/ruby-2.2.3/gems/web-console-2.3.0/lib/web_console/templates/style.css.erb within layouts/inlined_string (1.8ms)
  Rendered /Users/flatironschool/.rvm/gems/ruby-2.2.3/gems/web-console-2.3.0/lib/web_console/templates/console.js.erb within layouts/javascript (141.9ms)
  Rendered /Users/flatironschool/.rvm/gems/ruby-2.2.3/gems/web-console-2.3.0/lib/web_console/templates/main.js.erb within layouts/javascript (1.5ms)
  Rendered /Users/flatironschool/.rvm/gems/ruby-2.2.3/gems/web-console-2.3.0/lib/web_console/templates/error_page.js.erb within layouts/javascript (1.2ms)
  Rendered /Users/flatironschool/.rvm/gems/ruby-2.2.3/gems/web-console-2.3.0/lib/web_console/templates/index.html.erb (301.1ms)


Started GET "/flatiron-school/memes" for ::1 at 2016-05-18 23:45:14 -0400
Processing by MemesController#index as HTML
  Parameters: {"group_slug"=>"flatiron-school"}
  [1m[36mGroup Load (15.6ms)[0m  [1mSELECT  "groups".* FROM "groups" WHERE "groups"."group_slug" = $1 LIMIT 1[0m  [["group_slug", "flatiron-school"]]
  [1m[35mMeme Load (28.6ms)[0m  SELECT "memes".* FROM "memes" WHERE "memes"."group_id" = 1
  [1m[36mGroup Load (3.4ms)[0m  [1mSELECT  "groups".* FROM "groups" WHERE "groups"."id" = $1 LIMIT 1[0m  [["id", 1]]
  [1m[35mCACHE (0.0ms)[0m  SELECT  "groups".* FROM "groups" WHERE "groups"."id" = $1 LIMIT 1  [["id", 1]]
  [1m[36mCACHE (0.0ms)[0m  [1mSELECT  "groups".* FROM "groups" WHERE "groups"."id" = $1 LIMIT 1[0m  [["id", 1]]
  [1m[35mCACHE (0.0ms)[0m  SELECT  "groups".* FROM "groups" WHERE "groups"."id" = $1 LIMIT 1  [["id", 1]]
  Rendered memes/index.html.erb within layouts/application (141.3ms)
  [1m[36mCACHE (0.0ms)[0m  [1mSELECT  "groups".* FROM "groups" WHERE "groups"."group_slug" = $1 LIMIT 1[0m  [["group_slug", "flatiron-school"]]
  Rendered layouts/_public_nav.html.erb (0.6ms)
Completed 200 OK in 862ms (Views: 744.5ms | ActiveRecord: 47.8ms)


Started GET "/flatiron-school/memes/2" for ::1 at 2016-05-18 23:45:25 -0400
Processing by MemesController#show as HTML
  Parameters: {"group_slug"=>"flatiron-school", "id"=>"2"}
  [1m[35mGroup Load (2.6ms)[0m  SELECT  "groups".* FROM "groups" WHERE "groups"."group_slug" = $1 LIMIT 1  [["group_slug", "flatiron-school"]]
  [1m[36mMeme Load (4.1ms)[0m  [1mSELECT  "memes".* FROM "memes" WHERE "memes"."group_id" = $1 AND "memes"."id" = $2 LIMIT 1[0m  [["group_id", 1], ["id", 2]]
  [1m[35mUser Load (4.2ms)[0m  SELECT  "users".* FROM "users" WHERE "users"."id" = $1 LIMIT 1  [["id", 3]]
  [1m[36mTag Load (50.1ms)[0m  [1mSELECT "tags".* FROM "tags" INNER JOIN "meme_tags" ON "tags"."id" = "meme_tags"."tag_id" WHERE "meme_tags"."meme_id" = $1[0m  [["meme_id", 2]]
  [1m[35mComment Load (0.9ms)[0m  SELECT "comments".* FROM "comments" WHERE "comments"."meme_id" = $1  [["meme_id", 2]]
  Rendered memes/show.html.erb within layouts/application (123.2ms)
  [1m[36mCACHE (0.0ms)[0m  [1mSELECT  "groups".* FROM "groups" WHERE "groups"."group_slug" = $1 LIMIT 1[0m  [["group_slug", "flatiron-school"]]
  Rendered layouts/_public_nav.html.erb (0.2ms)
Completed 200 OK in 451ms (Views: 322.4ms | ActiveRecord: 61.9ms)


Started GET "/flatiron-school/memes/2" for ::1 at 2016-05-19 09:33:09 -0400
Processing by MemesController#show as HTML
  Parameters: {"group_slug"=>"flatiron-school", "id"=>"2"}
  [1m[35mGroup Load (9.3ms)[0m  SELECT  "groups".* FROM "groups" WHERE "groups"."group_slug" = $1 LIMIT 1  [["group_slug", "flatiron-school"]]
  [1m[36mMeme Load (3.1ms)[0m  [1mSELECT  "memes".* FROM "memes" WHERE "memes"."group_id" = $1 AND "memes"."id" = $2 LIMIT 1[0m  [["group_id", 1], ["id", 2]]
  [1m[35mUser Load (1.7ms)[0m  SELECT  "users".* FROM "users" WHERE "users"."id" = $1 LIMIT 1  [["id", 3]]
  [1m[36mTag Load (2.0ms)[0m  [1mSELECT "tags".* FROM "tags" INNER JOIN "meme_tags" ON "tags"."id" = "meme_tags"."tag_id" WHERE "meme_tags"."meme_id" = $1[0m  [["meme_id", 2]]
  [1m[35mComment Load (0.4ms)[0m  SELECT "comments".* FROM "comments" WHERE "comments"."meme_id" = $1  [["meme_id", 2]]
  Rendered memes/show.html.erb within layouts/application (135.8ms)
  [1m[36mCACHE (0.0ms)[0m  [1mSELECT  "groups".* FROM "groups" WHERE "groups"."group_slug" = $1 LIMIT 1[0m  [["group_slug", "flatiron-school"]]
  Rendered layouts/_public_nav.html.erb (0.2ms)
Completed 200 OK in 976ms (Views: 789.7ms | ActiveRecord: 16.6ms)


Started GET "/assets/comments.self-e3b0c44298fc1c149afbf4c8996fb92427ae41e4649b934ca495991b7852b855.css?body=1" for ::1 at 2016-05-19 09:33:10 -0400


Started GET "/assets/invites.self-e3b0c44298fc1c149afbf4c8996fb92427ae41e4649b934ca495991b7852b855.css?body=1" for ::1 at 2016-05-19 09:33:10 -0400


Started GET "/assets/meme_tags.self-e3b0c44298fc1c149afbf4c8996fb92427ae41e4649b934ca495991b7852b855.css?body=1" for ::1 at 2016-05-19 09:33:10 -0400


Started GET "/assets/memberships.self-e3b0c44298fc1c149afbf4c8996fb92427ae41e4649b934ca495991b7852b855.css?body=1" for ::1 at 2016-05-19 09:33:10 -0400


Started GET "/assets/groups.self-e3b0c44298fc1c149afbf4c8996fb92427ae41e4649b934ca495991b7852b855.css?body=1" for ::1 at 2016-05-19 09:33:10 -0400


Started GET "/assets/memes.self-0c79d5d68de531b9d9b39e20891d36a075748e76df1c42aea66d7a4b8aad2d78.css?body=1" for ::1 at 2016-05-19 09:33:11 -0400


Started GET "/assets/tags.self-e3b0c44298fc1c149afbf4c8996fb92427ae41e4649b934ca495991b7852b855.css?body=1" for ::1 at 2016-05-19 09:33:11 -0400


Started GET "/assets/users.self-e3b0c44298fc1c149afbf4c8996fb92427ae41e4649b934ca495991b7852b855.css?body=1" for ::1 at 2016-05-19 09:33:11 -0400


Started GET "/assets/reactions.self-e3b0c44298fc1c149afbf4c8996fb92427ae41e4649b934ca495991b7852b855.css?body=1" for ::1 at 2016-05-19 09:33:11 -0400


Started GET "/assets/jquery.self-660adc51e0224b731d29f575a6f1ec167ba08ad06ed5deca4f1e8654c135bf4c.js?body=1" for ::1 at 2016-05-19 09:33:11 -0400


Started GET "/assets/application.self-c4b01cc6126a0911fdce4d2906512c63f3b4023a0819d5a22e06657b4ee187a5.css?body=1" for ::1 at 2016-05-19 09:33:11 -0400


Started GET "/assets/turbolinks.self-c37727e9bd6b2735da5c311aa83fead54ed0be6cc8bd9a65309e9c5abe2cbfff.js?body=1" for ::1 at 2016-05-19 09:33:11 -0400


Started GET "/assets/jquery_ujs.self-e87806d0cf4489aeb1bb7288016024e8de67fd18db693fe026fe3907581e53cd.js?body=1" for ::1 at 2016-05-19 09:33:11 -0400


Started GET "/assets/comments.self-877aef30ae1b040ab8a3aba4e3e309a11d7f2612f44dde450b5c157aa5f95c05.js?body=1" for ::1 at 2016-05-19 09:33:11 -0400


Started GET "/assets/groups.self-877aef30ae1b040ab8a3aba4e3e309a11d7f2612f44dde450b5c157aa5f95c05.js?body=1" for ::1 at 2016-05-19 09:33:11 -0400


Started GET "/assets/invites.self-877aef30ae1b040ab8a3aba4e3e309a11d7f2612f44dde450b5c157aa5f95c05.js?body=1" for ::1 at 2016-05-19 09:33:11 -0400


Started GET "/assets/memberships.self-877aef30ae1b040ab8a3aba4e3e309a11d7f2612f44dde450b5c157aa5f95c05.js?body=1" for ::1 at 2016-05-19 09:33:11 -0400


Started GET "/assets/meme_tags.self-877aef30ae1b040ab8a3aba4e3e309a11d7f2612f44dde450b5c157aa5f95c05.js?body=1" for ::1 at 2016-05-19 09:33:11 -0400


Started GET "/assets/memes.self-877aef30ae1b040ab8a3aba4e3e309a11d7f2612f44dde450b5c157aa5f95c05.js?body=1" for ::1 at 2016-05-19 09:33:11 -0400


Started GET "/assets/reactions.self-877aef30ae1b040ab8a3aba4e3e309a11d7f2612f44dde450b5c157aa5f95c05.js?body=1" for ::1 at 2016-05-19 09:33:11 -0400


Started GET "/assets/tags.self-877aef30ae1b040ab8a3aba4e3e309a11d7f2612f44dde450b5c157aa5f95c05.js?body=1" for ::1 at 2016-05-19 09:33:11 -0400


Started GET "/assets/users.self-877aef30ae1b040ab8a3aba4e3e309a11d7f2612f44dde450b5c157aa5f95c05.js?body=1" for ::1 at 2016-05-19 09:33:11 -0400


Started GET "/assets/bootstrap/affix.self-3555752f8a930795ee9e56751a52e6871104ae85d01b3ab8363da3802a5ecc78.js?body=1" for ::1 at 2016-05-19 09:33:11 -0400


Started GET "/assets/bootstrap/alert.self-d8b7bd612b3dcfdefb7b5539b9d5848d66ccbd3e7af8bb8d48bfb3288aaa7be8.js?body=1" for ::1 at 2016-05-19 09:33:11 -0400


Started GET "/assets/bootstrap/button.self-e74d33ba39500940a78d6fa4d2d64f6ca7fd86d60a2149641f7fde7ba711d8a1.js?body=1" for ::1 at 2016-05-19 09:33:11 -0400


Started GET "/assets/bootstrap/modal.self-62463080dba6b9d024ff0a3192da0e76eacbc683194f3395047c6f5cfa0acb59.js?body=1" for ::1 at 2016-05-19 09:33:11 -0400


Started GET "/assets/bootstrap/collapse.self-056c40532d9f0f126ec17e839f60c942f573fbd61a086e7f156306e3fc5e8c1f.js?body=1" for ::1 at 2016-05-19 09:33:11 -0400


Started GET "/assets/bootstrap/carousel.self-35d204878d906298e55bc24553e11fd89b980fc4ffe5792fe36af8c0da289c54.js?body=1" for ::1 at 2016-05-19 09:33:11 -0400


Started GET "/assets/bootstrap/dropdown.self-e56c2ffee4618411d43ecf15c89273f6223847ad756e1cd17545d04afa732ed4.js?body=1" for ::1 at 2016-05-19 09:33:11 -0400


Started GET "/assets/bootstrap/scrollspy.self-52afd90e8ba97d9f08617a13986e8869d6c4a45751c0bff59a6f91241e722aca.js?body=1" for ::1 at 2016-05-19 09:33:11 -0400


Started GET "/assets/bootstrap/tooltip.self-facdc69246a072acb927ded77ff655f7c27a518b9357fddd45d119fbc8a0ab9f.js?body=1" for ::1 at 2016-05-19 09:33:11 -0400


Started GET "/assets/bootstrap/tab.self-dad0d5c377f9fae26394484535ebb23ccf68afae084f896af6ea4cdf8c9f6ae0.js?body=1" for ::1 at 2016-05-19 09:33:11 -0400


Started GET "/assets/bootstrap/transition.self-3b268d4cd8c79e46ded7392885f72f64ffb5b0d49948a12b8cf9779f6163e13a.js?body=1" for ::1 at 2016-05-19 09:33:11 -0400


Started GET "/assets/bootstrap/popover.self-210cff1fb4b72b71a29b5122180cb5937c8145cd13a934dc838280f1d9607a3e.js?body=1" for ::1 at 2016-05-19 09:33:11 -0400


Started GET "/assets/application.self-f8806224e027f3e3f0138ea9ce99319e298dfdb323304d1f1be6eae8e8c74724.js?body=1" for ::1 at 2016-05-19 09:33:11 -0400


Started GET "/assets/bootstrap-sprockets.self-fbfa5ad7d9aa0afe439ec4ff3883acc4cb92b62cb67c40d674320c9aa1d4642d.js?body=1" for ::1 at 2016-05-19 09:33:11 -0400


Started GET "/assets/pepe-ebccd7c0209270539933ed891fadb884360102760f2db7524afdafd8a15cd7df.jpg" for ::1 at 2016-05-19 09:33:11 -0400


Started GET "/flatiron-school/memes" for ::1 at 2016-05-19 09:33:13 -0400
Processing by MemesController#index as HTML
  Parameters: {"group_slug"=>"flatiron-school"}
  [1m[35mGroup Load (0.3ms)[0m  SELECT  "groups".* FROM "groups" WHERE "groups"."group_slug" = $1 LIMIT 1  [["group_slug", "flatiron-school"]]
  [1m[36mMeme Load (17.6ms)[0m  [1mSELECT "memes".* FROM "memes" WHERE "memes"."group_id" = 1[0m
  [1m[35mGroup Load (0.4ms)[0m  SELECT  "groups".* FROM "groups" WHERE "groups"."id" = $1 LIMIT 1  [["id", 1]]
  [1m[36mCACHE (0.0ms)[0m  [1mSELECT  "groups".* FROM "groups" WHERE "groups"."id" = $1 LIMIT 1[0m  [["id", 1]]
  [1m[35mCACHE (0.0ms)[0m  SELECT  "groups".* FROM "groups" WHERE "groups"."id" = $1 LIMIT 1  [["id", 1]]
  [1m[36mCACHE (0.0ms)[0m  [1mSELECT  "groups".* FROM "groups" WHERE "groups"."id" = $1 LIMIT 1[0m  [["id", 1]]
  Rendered memes/index.html.erb within layouts/application (33.8ms)
  [1m[35mCACHE (0.0ms)[0m  SELECT  "groups".* FROM "groups" WHERE "groups"."group_slug" = $1 LIMIT 1  [["group_slug", "flatiron-school"]]
  Rendered layouts/_public_nav.html.erb (0.2ms)
Completed 200 OK in 162ms (Views: 141.8ms | ActiveRecord: 18.4ms)


Started GET "/assets/doge-9884cc96c8cf88f60e61058503f9fd9654223bdc1a092a8b1d2d1c12c09daea6.jpg" for ::1 at 2016-05-19 09:33:13 -0400


Started GET "/assets/beef-57a11afdda9171c7b1ef98ea4df790736ca24056f35592f27f8241a363766435.jpg" for ::1 at 2016-05-19 09:33:13 -0400


Started GET "/assets/YUNO-a9085fbf8adc833c0725ab2b3f921205654b42d345d1f078f471205b26c0291f.png" for ::1 at 2016-05-19 09:33:13 -0400


Started GET "/flatiron-school/memes/2" for ::1 at 2016-05-19 09:33:29 -0400
Processing by MemesController#show as HTML
  Parameters: {"group_slug"=>"flatiron-school", "id"=>"2"}
  [1m[36mGroup Load (1.3ms)[0m  [1mSELECT  "groups".* FROM "groups" WHERE "groups"."group_slug" = $1 LIMIT 1[0m  [["group_slug", "flatiron-school"]]
  [1m[35mMeme Load (0.5ms)[0m  SELECT  "memes".* FROM "memes" WHERE "memes"."group_id" = $1 AND "memes"."id" = $2 LIMIT 1  [["group_id", 1], ["id", 2]]
  [1m[36mUser Load (0.7ms)[0m  [1mSELECT  "users".* FROM "users" WHERE "users"."id" = $1 LIMIT 1[0m  [["id", 3]]
  [1m[35mTag Load (0.7ms)[0m  SELECT "tags".* FROM "tags" INNER JOIN "meme_tags" ON "tags"."id" = "meme_tags"."tag_id" WHERE "meme_tags"."meme_id" = $1  [["meme_id", 2]]
  [1m[36mComment Load (0.4ms)[0m  [1mSELECT "comments".* FROM "comments" WHERE "comments"."meme_id" = $1[0m  [["meme_id", 2]]
  Rendered memes/show.html.erb within layouts/application (25.6ms)
  [1m[35mCACHE (0.0ms)[0m  SELECT  "groups".* FROM "groups" WHERE "groups"."group_slug" = $1 LIMIT 1  [["group_slug", "flatiron-school"]]
  Rendered layouts/_public_nav.html.erb (0.7ms)
Completed 200 OK in 268ms (Views: 230.7ms | ActiveRecord: 3.5ms)


Started GET "/flatiron-school/memes" for ::1 at 2016-05-19 09:33:42 -0400
Processing by MemesController#index as HTML
  Parameters: {"group_slug"=>"flatiron-school"}
  [1m[36mGroup Load (0.5ms)[0m  [1mSELECT  "groups".* FROM "groups" WHERE "groups"."group_slug" = $1 LIMIT 1[0m  [["group_slug", "flatiron-school"]]
  [1m[35mMeme Load (0.6ms)[0m  SELECT "memes".* FROM "memes" WHERE "memes"."group_id" = 1
  [1m[36mGroup Load (0.4ms)[0m  [1mSELECT  "groups".* FROM "groups" WHERE "groups"."id" = $1 LIMIT 1[0m  [["id", 1]]
  [1m[35mCACHE (0.0ms)[0m  SELECT  "groups".* FROM "groups" WHERE "groups"."id" = $1 LIMIT 1  [["id", 1]]
  [1m[36mCACHE (0.0ms)[0m  [1mSELECT  "groups".* FROM "groups" WHERE "groups"."id" = $1 LIMIT 1[0m  [["id", 1]]
  [1m[35mCACHE (0.0ms)[0m  SELECT  "groups".* FROM "groups" WHERE "groups"."id" = $1 LIMIT 1  [["id", 1]]
  Rendered memes/index.html.erb within layouts/application (18.8ms)
  [1m[36mCACHE (0.0ms)[0m  [1mSELECT  "groups".* FROM "groups" WHERE "groups"."group_slug" = $1 LIMIT 1[0m  [["group_slug", "flatiron-school"]]
  Rendered layouts/_public_nav.html.erb (0.3ms)
Completed 200 OK in 383ms (Views: 377.2ms | ActiveRecord: 1.7ms)


Started GET "/flatiron-school/memes/1" for ::1 at 2016-05-19 09:33:43 -0400
Processing by MemesController#show as HTML
  Parameters: {"group_slug"=>"flatiron-school", "id"=>"1"}
  [1m[35mGroup Load (0.3ms)[0m  SELECT  "groups".* FROM "groups" WHERE "groups"."group_slug" = $1 LIMIT 1  [["group_slug", "flatiron-school"]]
  [1m[36mMeme Load (0.2ms)[0m  [1mSELECT  "memes".* FROM "memes" WHERE "memes"."group_id" = $1 AND "memes"."id" = $2 LIMIT 1[0m  [["group_id", 1], ["id", 1]]
  [1m[35mUser Load (0.2ms)[0m  SELECT  "users".* FROM "users" WHERE "users"."id" = $1 LIMIT 1  [["id", 3]]
  [1m[36mTag Load (0.4ms)[0m  [1mSELECT "tags".* FROM "tags" INNER JOIN "meme_tags" ON "tags"."id" = "meme_tags"."tag_id" WHERE "meme_tags"."meme_id" = $1[0m  [["meme_id", 1]]
  [1m[35mComment Load (0.2ms)[0m  SELECT "comments".* FROM "comments" WHERE "comments"."meme_id" = $1  [["meme_id", 1]]
  Rendered memes/show.html.erb within layouts/application (5.9ms)
  [1m[36mCACHE (0.0ms)[0m  [1mSELECT  "groups".* FROM "groups" WHERE "groups"."group_slug" = $1 LIMIT 1[0m  [["group_slug", "flatiron-school"]]
  Rendered layouts/_public_nav.html.erb (0.1ms)
Completed 200 OK in 124ms (Views: 119.3ms | ActiveRecord: 1.4ms)


Started GET "/flatiron-school/memes/1" for ::1 at 2016-05-19 09:33:47 -0400
Processing by MemesController#show as HTML
  Parameters: {"group_slug"=>"flatiron-school", "id"=>"1"}
  [1m[35mGroup Load (0.4ms)[0m  SELECT  "groups".* FROM "groups" WHERE "groups"."group_slug" = $1 LIMIT 1  [["group_slug", "flatiron-school"]]
  [1m[36mMeme Load (0.3ms)[0m  [1mSELECT  "memes".* FROM "memes" WHERE "memes"."group_id" = $1 AND "memes"."id" = $2 LIMIT 1[0m  [["group_id", 1], ["id", 1]]
  [1m[35mUser Load (0.3ms)[0m  SELECT  "users".* FROM "users" WHERE "users"."id" = $1 LIMIT 1  [["id", 3]]
  [1m[36mTag Load (0.6ms)[0m  [1mSELECT "tags".* FROM "tags" INNER JOIN "meme_tags" ON "tags"."id" = "meme_tags"."tag_id" WHERE "meme_tags"."meme_id" = $1[0m  [["meme_id", 1]]
  [1m[35mComment Load (0.4ms)[0m  SELECT "comments".* FROM "comments" WHERE "comments"."meme_id" = $1  [["meme_id", 1]]
  Rendered memes/show.html.erb within layouts/application (26.1ms)
  [1m[36mCACHE (0.0ms)[0m  [1mSELECT  "groups".* FROM "groups" WHERE "groups"."group_slug" = $1 LIMIT 1[0m  [["group_slug", "flatiron-school"]]
  Rendered layouts/_public_nav.html.erb (0.2ms)
Completed 200 OK in 207ms (Views: 200.7ms | ActiveRecord: 2.0ms)
